Determining if the pthread_create exist failed with the following output:
Change Dir: /home/mech-user/semi/build/7dof_dynamixel_turtlebot_moveit_config/CMakeFiles/CMakeTmp

Run Build Command:/usr/bin/make "cmTryCompileExec3859781039/fast"
/usr/bin/make -f CMakeFiles/cmTryCompileExec3859781039.dir/build.make CMakeFiles/cmTryCompileExec3859781039.dir/build
make[1]: Entering directory `/home/mech-user/semi/build/7dof_dynamixel_turtlebot_moveit_config/CMakeFiles/CMakeTmp'
/usr/bin/cmake -E cmake_progress_report /home/mech-user/semi/build/7dof_dynamixel_turtlebot_moveit_config/CMakeFiles/CMakeTmp/CMakeFiles 1
Building C object CMakeFiles/cmTryCompileExec3859781039.dir/CheckSymbolExists.c.o
/usr/bin/cc    -o CMakeFiles/cmTryCompileExec3859781039.dir/CheckSymbolExists.c.o   -c /home/mech-user/semi/build/7dof_dynamixel_turtlebot_moveit_config/CMakeFiles/CMakeTmp/CheckSymbolExists.c
Linking C executable cmTryCompileExec3859781039
/usr/bin/cmake -E cmake_link_script CMakeFiles/cmTryCompileExec3859781039.dir/link.txt --verbose=1
/usr/bin/cc       CMakeFiles/cmTryCompileExec3859781039.dir/CheckSymbolExists.c.o  -o cmTryCompileExec3859781039 -rdynamic 
CMakeFiles/cmTryCompileExec3859781039.dir/CheckSymbolExists.c.o: In function `main':
CheckSymbolExists.c:(.text+0x16): undefined reference to `pthread_create'
collect2: error: ld returned 1 exit status
make[1]: *** [cmTryCompileExec3859781039] Error 1
make[1]: Leaving directory `/home/mech-user/semi/build/7dof_dynamixel_turtlebot_moveit_config/CMakeFiles/CMakeTmp'
make: *** [cmTryCompileExec3859781039/fast] Error 2

File /home/mech-user/semi/build/7dof_dynamixel_turtlebot_moveit_config/CMakeFiles/CMakeTmp/CheckSymbolExists.c:
/* */
#include <pthread.h>

int main(int argc, char** argv)
{
  (void)argv;
#ifndef pthread_create
  return ((int*)(&pthread_create))[argc];
#else
  (void)argc;
  return 0;
#endif
}

Determining if the function pthread_create exists in the pthreads failed with the following output:
Change Dir: /home/mech-user/semi/build/7dof_dynamixel_turtlebot_moveit_config/CMakeFiles/CMakeTmp

Run Build Command:/usr/bin/make "cmTryCompileExec456794804/fast"
/usr/bin/make -f CMakeFiles/cmTryCompileExec456794804.dir/build.make CMakeFiles/cmTryCompileExec456794804.dir/build
make[1]: Entering directory `/home/mech-user/semi/build/7dof_dynamixel_turtlebot_moveit_config/CMakeFiles/CMakeTmp'
/usr/bin/cmake -E cmake_progress_report /home/mech-user/semi/build/7dof_dynamixel_turtlebot_moveit_config/CMakeFiles/CMakeTmp/CMakeFiles 1
Building C object CMakeFiles/cmTryCompileExec456794804.dir/CheckFunctionExists.c.o
/usr/bin/cc   -DCHECK_FUNCTION_EXISTS=pthread_create   -o CMakeFiles/cmTryCompileExec456794804.dir/CheckFunctionExists.c.o   -c /usr/share/cmake-2.8/Modules/CheckFunctionExists.c
Linking C executable cmTryCompileExec456794804
/usr/bin/cmake -E cmake_link_script CMakeFiles/cmTryCompileExec456794804.dir/link.txt --verbose=1
/usr/bin/cc   -DCHECK_FUNCTION_EXISTS=pthread_create    CMakeFiles/cmTryCompileExec456794804.dir/CheckFunctionExists.c.o  -o cmTryCompileExec456794804 -rdynamic -lpthreads 
/usr/bin/ld: cannot find -lpthreads
collect2: error: ld returned 1 exit status
make[1]: *** [cmTryCompileExec456794804] Error 1
make[1]: Leaving directory `/home/mech-user/semi/build/7dof_dynamixel_turtlebot_moveit_config/CMakeFiles/CMakeTmp'
make: *** [cmTryCompileExec456794804/fast] Error 2


